This is pdfTeX, Version 3.1415926-2.5-1.40.14 (MiKTeX 2.9) (preloaded format=pdflatex 2015.5.10)  20 APR 2017 08:24
entering extended mode
**ba2.tex
(D:\test\cgBA_Latex\ba2.tex
LaTeX2e <2011/06/27>
Babel <v3.8m> and hyphenation patterns for english, afrikaans, ancientgreek, ar
abic, armenian, assamese, basque, bengali, bokmal, bulgarian, catalan, coptic, 
croatian, czech, danish, dutch, esperanto, estonian, farsi, finnish, french, ga
lician, german, german-x-2013-05-26, greek, gujarati, hindi, hungarian, iceland
ic, indonesian, interlingua, irish, italian, kannada, kurmanji, latin, latvian,
 lithuanian, malayalam, marathi, mongolian, mongolianlmc, monogreek, ngerman, n
german-x-2013-05-26, nynorsk, oriya, panjabi, pinyin, polish, portuguese, roman
ian, russian, sanskrit, serbian, slovak, slovenian, spanish, swedish, swissgerm
an, tamil, telugu, turkish, turkmen, ukenglish, ukrainian, uppersorbian, usengl
ishmax, welsh, loaded.
(D:\test\cgBA_Latex\cgBA.cls
Document Class: cgBA 2016/07/28 v1.9 Dokumentenklasse fuer Abschlussarbeiten de
r AG Computergraphik
(D:\Programme\MikTex\tex\latex\base\ifthen.sty
Package: ifthen 2001/05/26 v1.1c Standard LaTeX ifthen package (DPC)
)
(D:\Programme\MikTex\tex\latex\base\article.cls
Document Class: article 2007/10/19 v1.4h Standard LaTeX document class
(D:\Programme\MikTex\tex\latex\base\size11.clo
File: size11.clo 2007/10/19 v1.4h Standard LaTeX file (size option)
)
\c@part=\count79
\c@section=\count80
\c@subsection=\count81
\c@subsubsection=\count82
\c@paragraph=\count83
\c@subparagraph=\count84
\c@figure=\count85
\c@table=\count86
\abovecaptionskip=\skip41
\belowcaptionskip=\skip42
\bibindent=\dimen102
)
(D:\Programme\MikTex\tex\generic\babel\babel.sty
Package: babel 2008/07/08 v3.8m The Babel package

*************************************
* Local config file bblopts.cfg used
*
(D:\Programme\MikTex\tex\latex\00miktex\bblopts.cfg
File: bblopts.cfg 2006/07/31 v1.0 MiKTeX 'babel' configuration
)
(D:\Programme\MikTex\tex\generic\babel\english.ldf
Language: english 2005/03/30 v3.3o English support from the babel system

(D:\Programme\MikTex\tex\generic\babel\babel.def
File: babel.def 2008/07/08 v3.8m Babel common definitions
\babel@savecnt=\count87
\U@D=\dimen103
)
\l@canadian = a dialect from \language\l@american 
\l@australian = a dialect from \language\l@british 
\l@newzealand = a dialect from \language\l@british 
)
(D:\Programme\MikTex\tex\generic\babel\ngermanb.ldf
Language: ngermanb 2008/07/06 v2.6n new German support from the babel system
\l@naustrian = a dialect from \language\l@ngerman 
Package babel Info: Making " an active character on input line 92.
))
(D:\Programme\MikTex\tex\latex\base\inputenc.sty
Package: inputenc 2008/03/30 v1.1d Input encoding file
\inpenc@prehook=\toks14
\inpenc@posthook=\toks15

(D:\Programme\MikTex\tex\latex\base\utf8.def
File: utf8.def 2008/04/05 v1.1m UTF-8 support for inputenc
Now handling font encoding OML ...
... no UTF-8 mapping file for font encoding OML
Now handling font encoding T1 ...
... processing UTF-8 mapping file for font encoding T1

(D:\Programme\MikTex\tex\latex\base\t1enc.dfu
File: t1enc.dfu 2008/04/05 v1.1m UTF-8 support for inputenc
   defining Unicode char U+00A1 (decimal 161)
   defining Unicode char U+00A3 (decimal 163)
   defining Unicode char U+00AB (decimal 171)
   defining Unicode char U+00BB (decimal 187)
   defining Unicode char U+00BF (decimal 191)
   defining Unicode char U+00C0 (decimal 192)
   defining Unicode char U+00C1 (decimal 193)
   defining Unicode char U+00C2 (decimal 194)
   defining Unicode char U+00C3 (decimal 195)
   defining Unicode char U+00C4 (decimal 196)
   defining Unicode char U+00C5 (decimal 197)
   defining Unicode char U+00C6 (decimal 198)
   defining Unicode char U+00C7 (decimal 199)
   defining Unicode char U+00C8 (decimal 200)
   defining Unicode char U+00C9 (decimal 201)
   defining Unicode char U+00CA (decimal 202)
   defining Unicode char U+00CB (decimal 203)
   defining Unicode char U+00CC (decimal 204)
   defining Unicode char U+00CD (decimal 205)
   defining Unicode char U+00CE (decimal 206)
   defining Unicode char U+00CF (decimal 207)
   defining Unicode char U+00D0 (decimal 208)
   defining Unicode char U+00D1 (decimal 209)
   defining Unicode char U+00D2 (decimal 210)
   defining Unicode char U+00D3 (decimal 211)
   defining Unicode char U+00D4 (decimal 212)
   defining Unicode char U+00D5 (decimal 213)
   defining Unicode char U+00D6 (decimal 214)
   defining Unicode char U+00D8 (decimal 216)
   defining Unicode char U+00D9 (decimal 217)
   defining Unicode char U+00DA (decimal 218)
   defining Unicode char U+00DB (decimal 219)
   defining Unicode char U+00DC (decimal 220)
   defining Unicode char U+00DD (decimal 221)
   defining Unicode char U+00DE (decimal 222)
   defining Unicode char U+00DF (decimal 223)
   defining Unicode char U+00E0 (decimal 224)
   defining Unicode char U+00E1 (decimal 225)
   defining Unicode char U+00E2 (decimal 226)
   defining Unicode char U+00E3 (decimal 227)
   defining Unicode char U+00E4 (decimal 228)
   defining Unicode char U+00E5 (decimal 229)
   defining Unicode char U+00E6 (decimal 230)
   defining Unicode char U+00E7 (decimal 231)
   defining Unicode char U+00E8 (decimal 232)
   defining Unicode char U+00E9 (decimal 233)
   defining Unicode char U+00EA (decimal 234)
   defining Unicode char U+00EB (decimal 235)
   defining Unicode char U+00EC (decimal 236)
   defining Unicode char U+00ED (decimal 237)
   defining Unicode char U+00EE (decimal 238)
   defining Unicode char U+00EF (decimal 239)
   defining Unicode char U+00F0 (decimal 240)
   defining Unicode char U+00F1 (decimal 241)
   defining Unicode char U+00F2 (decimal 242)
   defining Unicode char U+00F3 (decimal 243)
   defining Unicode char U+00F4 (decimal 244)
   defining Unicode char U+00F5 (decimal 245)
   defining Unicode char U+00F6 (decimal 246)
   defining Unicode char U+00F8 (decimal 248)
   defining Unicode char U+00F9 (decimal 249)
   defining Unicode char U+00FA (decimal 250)
   defining Unicode char U+00FB (decimal 251)
   defining Unicode char U+00FC (decimal 252)
   defining Unicode char U+00FD (decimal 253)
   defining Unicode char U+00FE (decimal 254)
   defining Unicode char U+00FF (decimal 255)
   defining Unicode char U+0102 (decimal 258)
   defining Unicode char U+0103 (decimal 259)
   defining Unicode char U+0104 (decimal 260)
   defining Unicode char U+0105 (decimal 261)
   defining Unicode char U+0106 (decimal 262)
   defining Unicode char U+0107 (decimal 263)
   defining Unicode char U+010C (decimal 268)
   defining Unicode char U+010D (decimal 269)
   defining Unicode char U+010E (decimal 270)
   defining Unicode char U+010F (decimal 271)
   defining Unicode char U+0110 (decimal 272)
   defining Unicode char U+0111 (decimal 273)
   defining Unicode char U+0118 (decimal 280)
   defining Unicode char U+0119 (decimal 281)
   defining Unicode char U+011A (decimal 282)
   defining Unicode char U+011B (decimal 283)
   defining Unicode char U+011E (decimal 286)
   defining Unicode char U+011F (decimal 287)
   defining Unicode char U+0130 (decimal 304)
   defining Unicode char U+0131 (decimal 305)
   defining Unicode char U+0132 (decimal 306)
   defining Unicode char U+0133 (decimal 307)
   defining Unicode char U+0139 (decimal 313)
   defining Unicode char U+013A (decimal 314)
   defining Unicode char U+013D (decimal 317)
   defining Unicode char U+013E (decimal 318)
   defining Unicode char U+0141 (decimal 321)
   defining Unicode char U+0142 (decimal 322)
   defining Unicode char U+0143 (decimal 323)
   defining Unicode char U+0144 (decimal 324)
   defining Unicode char U+0147 (decimal 327)
   defining Unicode char U+0148 (decimal 328)
   defining Unicode char U+014A (decimal 330)
   defining Unicode char U+014B (decimal 331)
   defining Unicode char U+0150 (decimal 336)
   defining Unicode char U+0151 (decimal 337)
   defining Unicode char U+0152 (decimal 338)
   defining Unicode char U+0153 (decimal 339)
   defining Unicode char U+0154 (decimal 340)
   defining Unicode char U+0155 (decimal 341)
   defining Unicode char U+0158 (decimal 344)
   defining Unicode char U+0159 (decimal 345)
   defining Unicode char U+015A (decimal 346)
   defining Unicode char U+015B (decimal 347)
   defining Unicode char U+015E (decimal 350)
   defining Unicode char U+015F (decimal 351)
   defining Unicode char U+0160 (decimal 352)
   defining Unicode char U+0161 (decimal 353)
   defining Unicode char U+0162 (decimal 354)
   defining Unicode char U+0163 (decimal 355)
   defining Unicode char U+0164 (decimal 356)
   defining Unicode char U+0165 (decimal 357)
   defining Unicode char U+016E (decimal 366)
   defining Unicode char U+016F (decimal 367)
   defining Unicode char U+0170 (decimal 368)
   defining Unicode char U+0171 (decimal 369)
   defining Unicode char U+0178 (decimal 376)
   defining Unicode char U+0179 (decimal 377)
   defining Unicode char U+017A (decimal 378)
   defining Unicode char U+017B (decimal 379)
   defining Unicode char U+017C (decimal 380)
   defining Unicode char U+017D (decimal 381)
   defining Unicode char U+017E (decimal 382)
   defining Unicode char U+200C (decimal 8204)
   defining Unicode char U+2013 (decimal 8211)
   defining Unicode char U+2014 (decimal 8212)
   defining Unicode char U+2018 (decimal 8216)
   defining Unicode char U+2019 (decimal 8217)
   defining Unicode char U+201A (decimal 8218)
   defining Unicode char U+201C (decimal 8220)
   defining Unicode char U+201D (decimal 8221)
   defining Unicode char U+201E (decimal 8222)
   defining Unicode char U+2030 (decimal 8240)
   defining Unicode char U+2031 (decimal 8241)
   defining Unicode char U+2039 (decimal 8249)
   defining Unicode char U+203A (decimal 8250)
   defining Unicode char U+2423 (decimal 9251)
)
Now handling font encoding OT1 ...
... processing UTF-8 mapping file for font encoding OT1

(D:\Programme\MikTex\tex\latex\base\ot1enc.dfu
File: ot1enc.dfu 2008/04/05 v1.1m UTF-8 support for inputenc
   defining Unicode char U+00A1 (decimal 161)
   defining Unicode char U+00A3 (decimal 163)
   defining Unicode char U+00B8 (decimal 184)
   defining Unicode char U+00BF (decimal 191)
   defining Unicode char U+00C5 (decimal 197)
   defining Unicode char U+00C6 (decimal 198)
   defining Unicode char U+00D8 (decimal 216)
   defining Unicode char U+00DF (decimal 223)
   defining Unicode char U+00E6 (decimal 230)
   defining Unicode char U+00EC (decimal 236)
   defining Unicode char U+00ED (decimal 237)
   defining Unicode char U+00EE (decimal 238)
   defining Unicode char U+00EF (decimal 239)
   defining Unicode char U+00F8 (decimal 248)
   defining Unicode char U+0131 (decimal 305)
   defining Unicode char U+0141 (decimal 321)
   defining Unicode char U+0142 (decimal 322)
   defining Unicode char U+0152 (decimal 338)
   defining Unicode char U+0153 (decimal 339)
   defining Unicode char U+2013 (decimal 8211)
   defining Unicode char U+2014 (decimal 8212)
   defining Unicode char U+2018 (decimal 8216)
   defining Unicode char U+2019 (decimal 8217)
   defining Unicode char U+201C (decimal 8220)
   defining Unicode char U+201D (decimal 8221)
)
Now handling font encoding OMS ...
... processing UTF-8 mapping file for font encoding OMS

(D:\Programme\MikTex\tex\latex\base\omsenc.dfu
File: omsenc.dfu 2008/04/05 v1.1m UTF-8 support for inputenc
   defining Unicode char U+00A7 (decimal 167)
   defining Unicode char U+00B6 (decimal 182)
   defining Unicode char U+00B7 (decimal 183)
   defining Unicode char U+2020 (decimal 8224)
   defining Unicode char U+2021 (decimal 8225)
   defining Unicode char U+2022 (decimal 8226)
)
Now handling font encoding OMX ...
... no UTF-8 mapping file for font encoding OMX
Now handling font encoding U ...
... no UTF-8 mapping file for font encoding U
   defining Unicode char U+00A9 (decimal 169)
   defining Unicode char U+00AA (decimal 170)
   defining Unicode char U+00AE (decimal 174)
   defining Unicode char U+00BA (decimal 186)
   defining Unicode char U+02C6 (decimal 710)
   defining Unicode char U+02DC (decimal 732)
   defining Unicode char U+200C (decimal 8204)
   defining Unicode char U+2026 (decimal 8230)
   defining Unicode char U+2122 (decimal 8482)
   defining Unicode char U+2423 (decimal 9251)
))
(D:\Programme\MikTex\tex\latex\base\fontenc.sty
Package: fontenc 2005/09/27 v1.99g Standard LaTeX package

(D:\Programme\MikTex\tex\latex\base\t1enc.def
File: t1enc.def 2005/09/27 v1.99g Standard LaTeX file
LaTeX Font Info:    Redeclaring font encoding T1 on input line 43.
))
(D:\Programme\MikTex\tex\latex\graphics\graphicx.sty
Package: graphicx 1999/02/16 v1.0f Enhanced LaTeX Graphics (DPC,SPQR)

(D:\Programme\MikTex\tex\latex\graphics\keyval.sty
Package: keyval 1999/03/16 v1.13 key=value parser (DPC)
\KV@toks@=\toks16
)
(D:\Programme\MikTex\tex\latex\graphics\graphics.sty
Package: graphics 2009/02/05 v1.0o Standard LaTeX Graphics (DPC,SPQR)

(D:\Programme\MikTex\tex\latex\graphics\trig.sty
Package: trig 1999/03/16 v1.09 sin cos tan (DPC)
)
(D:\Programme\MikTex\tex\latex\00miktex\graphics.cfg
File: graphics.cfg 2007/01/18 v1.5 graphics configuration of teTeX/TeXLive
)
Package graphics Info: Driver file: pdftex.def on input line 91.

(D:\Programme\MikTex\tex\latex\pdftex-def\pdftex.def
File: pdftex.def 2011/05/27 v0.06d Graphics/color for pdfTeX

(D:\Programme\MikTex\tex\generic\oberdiek\infwarerr.sty
Package: infwarerr 2010/04/08 v1.3 Providing info/warning/error messages (HO)
)
(D:\Programme\MikTex\tex\generic\oberdiek\ltxcmds.sty
Package: ltxcmds 2011/11/09 v1.22 LaTeX kernel commands for general use (HO)
)
\Gread@gobject=\count88
))
\Gin@req@height=\dimen104
\Gin@req@width=\dimen105
)
(D:\Programme\MikTex\tex\latex\tools\tabularx.sty
Package: tabularx 1999/01/07 v2.07 `tabularx' package (DPC)

(D:\Programme\MikTex\tex\latex\tools\array.sty
Package: array 2008/09/09 v2.4c Tabular extension package (FMi)
\col@sep=\dimen106
\extrarowheight=\dimen107
\NC@list=\toks17
\extratabsurround=\skip43
\backup@length=\skip44
)
\TX@col@width=\dimen108
\TX@old@table=\dimen109
\TX@old@col=\dimen110
\TX@target=\dimen111
\TX@delta=\dimen112
\TX@cols=\count89
\TX@ftn=\toks18
)
(D:\Programme\MikTex\tex\latex\caption\caption.sty
Package: caption 2016/02/21 v3.3-144 Customizing captions (AR)

(D:\Programme\MikTex\tex\latex\caption\caption3.sty
Package: caption3 2016/02/04 v1.7-139 caption3 kernel (AR)
Package caption3 Info: TeX engine: e-TeX on input line 67.
\captionmargin=\dimen113
\captionmargin@=\dimen114
\captionwidth=\dimen115
\caption@tempdima=\dimen116
\caption@indent=\dimen117
\caption@parindent=\dimen118
\caption@hangindent=\dimen119
)
\c@ContinuedFloat=\count90
)
(D:\Programme\MikTex\tex\latex\amsfonts\amsfonts.sty
Package: amsfonts 2013/01/14 v3.01 Basic AMSFonts support
\@emptytoks=\toks19
\symAMSa=\mathgroup4
\symAMSb=\mathgroup5
LaTeX Font Info:    Overwriting math alphabet `\mathfrak' in version `bold'
(Font)                  U/euf/m/n --> U/euf/b/n on input line 106.
)
(D:\Programme\MikTex\tex\latex\amsfonts\amssymb.sty
Package: amssymb 2013/01/14 v3.01 AMS font symbols
)
(D:\Programme\MikTex\tex\latex\amsmath\amsmath.sty
Package: amsmath 2013/01/14 v2.14 AMS math features
\@mathmargin=\skip45

For additional information on amsmath, use the `?' option.
(D:\Programme\MikTex\tex\latex\amsmath\amstext.sty
Package: amstext 2000/06/29 v2.01

(D:\Programme\MikTex\tex\latex\amsmath\amsgen.sty
File: amsgen.sty 1999/11/30 v2.0
\@emptytoks=\toks20
\ex@=\dimen120
))
(D:\Programme\MikTex\tex\latex\amsmath\amsbsy.sty
Package: amsbsy 1999/11/29 v1.2d
\pmbraise@=\dimen121
)
(D:\Programme\MikTex\tex\latex\amsmath\amsopn.sty
Package: amsopn 1999/12/14 v2.01 operator names
)
\inf@bad=\count91
LaTeX Info: Redefining \frac on input line 210.
\uproot@=\count92
\leftroot@=\count93
LaTeX Info: Redefining \overline on input line 306.
\classnum@=\count94
\DOTSCASE@=\count95
LaTeX Info: Redefining \ldots on input line 378.
LaTeX Info: Redefining \dots on input line 381.
LaTeX Info: Redefining \cdots on input line 466.
\Mathstrutbox@=\box26
\strutbox@=\box27
\big@size=\dimen122
LaTeX Font Info:    Redeclaring font encoding OML on input line 566.
LaTeX Font Info:    Redeclaring font encoding OMS on input line 567.
\macc@depth=\count96
\c@MaxMatrixCols=\count97
\dotsspace@=\muskip10
\c@parentequation=\count98
\dspbrk@lvl=\count99
\tag@help=\toks21
\row@=\count100
\column@=\count101
\maxfields@=\count102
\andhelp@=\toks22
\eqnshift@=\dimen123
\alignsep@=\dimen124
\tagshift@=\dimen125
\tagwidth@=\dimen126
\totwidth@=\dimen127
\lineht@=\dimen128
\@envbody=\toks23
\multlinegap=\skip46
\multlinetaggap=\skip47
\mathdisplay@stack=\toks24
LaTeX Info: Redefining \[ on input line 2665.
LaTeX Info: Redefining \] on input line 2666.
)
(D:\Programme\MikTex\tex\latex\setspace\setspace.sty
Package: setspace 2011/12/19 v6.7a set line spacing
)
(D:\Programme\MikTex\tex\latex\psnfss\palatino.sty
Package: palatino 2005/04/12 PSNFSS-v9.2a (SPQR) 
)
\voffsetBackup=\skip48
\hoffsetBackup=\skip49
)
(D:\Programme\MikTex\tex\latex\hyperref\hyperref.sty
Package: hyperref 2012/11/06 v6.83m Hypertext links for LaTeX

(D:\Programme\MikTex\tex\generic\oberdiek\hobsub-hyperref.sty
Package: hobsub-hyperref 2012/04/25 v1.12 Bundle oberdiek, subset hyperref (HO)


(D:\Programme\MikTex\tex\generic\oberdiek\hobsub-generic.sty
Package: hobsub-generic 2012/04/25 v1.12 Bundle oberdiek, subset generic (HO)
Package: hobsub 2012/04/25 v1.12 Construct package bundles (HO)
Package hobsub Info: Skipping package `infwarerr' (already loaded).
Package hobsub Info: Skipping package `ltxcmds' (already loaded).
Package: ifluatex 2010/03/01 v1.3 Provides the ifluatex switch (HO)
Package ifluatex Info: LuaTeX not detected.
Package: ifvtex 2010/03/01 v1.5 Detect VTeX and its facilities (HO)
Package ifvtex Info: VTeX not detected.
Package: intcalc 2007/09/27 v1.1 Expandable calculations with integers (HO)
Package: ifpdf 2011/01/30 v2.3 Provides the ifpdf switch (HO)
Package ifpdf Info: pdfTeX in PDF mode is detected.
Package: etexcmds 2011/02/16 v1.5 Avoid name clashes with e-TeX commands (HO)
Package etexcmds Info: Could not find \expanded.
(etexcmds)             That can mean that you are not using pdfTeX 1.50 or
(etexcmds)             that some package has redefined \expanded.
(etexcmds)             In the latter case, load this package earlier.
Package: kvsetkeys 2012/04/25 v1.16 Key value parser (HO)
Package: kvdefinekeys 2011/04/07 v1.3 Define keys (HO)
Package: pdftexcmds 2011/11/29 v0.20 Utility functions of pdfTeX for LuaTeX (HO
)
Package pdftexcmds Info: LuaTeX not detected.
Package pdftexcmds Info: \pdf@primitive is available.
Package pdftexcmds Info: \pdf@ifprimitive is available.
Package pdftexcmds Info: \pdfdraftmode found.
Package: pdfescape 2011/11/25 v1.13 Implements pdfTeX's escape features (HO)
Package: bigintcalc 2012/04/08 v1.3 Expandable calculations on big integers (HO
)
Package: bitset 2011/01/30 v1.1 Handle bit-vector datatype (HO)
Package: uniquecounter 2011/01/30 v1.2 Provide unlimited unique counter (HO)
)
Package hobsub Info: Skipping package `hobsub' (already loaded).
Package: letltxmacro 2010/09/02 v1.4 Let assignment for LaTeX macros (HO)
Package: hopatch 2011/06/24 v1.1 Wrapper for package hooks (HO)
Package: xcolor-patch 2011/01/30 xcolor patch
Package: atveryend 2011/06/30 v1.8 Hooks at the very end of document (HO)
Package atveryend Info: \enddocument detected (standard20110627).
Package: atbegshi 2011/10/05 v1.16 At begin shipout hook (HO)
Package: refcount 2011/10/16 v3.4 Data extraction from label references (HO)
Package: hycolor 2011/01/30 v1.7 Color options for hyperref/bookmark (HO)
)
(D:\Programme\MikTex\tex\generic\ifxetex\ifxetex.sty
Package: ifxetex 2010/09/12 v0.6 Provides ifxetex conditional
)
(D:\Programme\MikTex\tex\latex\oberdiek\auxhook.sty
Package: auxhook 2011/03/04 v1.3 Hooks for auxiliary files (HO)
)
(D:\Programme\MikTex\tex\latex\oberdiek\kvoptions.sty
Package: kvoptions 2011/06/30 v3.11 Key value format for package options (HO)
)
\@linkdim=\dimen129
\Hy@linkcounter=\count103
\Hy@pagecounter=\count104

(D:\Programme\MikTex\tex\latex\hyperref\pd1enc.def
File: pd1enc.def 2012/11/06 v6.83m Hyperref: PDFDocEncoding definition (HO)
Now handling font encoding PD1 ...
... no UTF-8 mapping file for font encoding PD1
)
\Hy@SavedSpaceFactor=\count105

(D:\Programme\MikTex\tex\latex\00miktex\hyperref.cfg
File: hyperref.cfg 2002/06/06 v1.2 hyperref configuration of TeXLive
)
Package hyperref Info: Hyper figures OFF on input line 4443.
Package hyperref Info: Link nesting OFF on input line 4448.
Package hyperref Info: Hyper index ON on input line 4451.
Package hyperref Info: Plain pages OFF on input line 4458.
Package hyperref Info: Backreferencing OFF on input line 4463.
Package hyperref Info: Implicit mode ON; LaTeX internals redefined.
Package hyperref Info: Bookmarks ON on input line 4688.
\c@Hy@tempcnt=\count106

(D:\Programme\MikTex\tex\latex\url\url.sty
\Urlmuskip=\muskip11
Package: url 2013/09/16  ver 3.4  Verb mode for urls, etc.
)
LaTeX Info: Redefining \url on input line 5041.
\XeTeXLinkMargin=\dimen130
\Fld@menulength=\count107
\Field@Width=\dimen131
\Fld@charsize=\dimen132
Package hyperref Info: Hyper figures OFF on input line 6295.
Package hyperref Info: Link nesting OFF on input line 6300.
Package hyperref Info: Hyper index ON on input line 6303.
Package hyperref Info: backreferencing OFF on input line 6310.
Package hyperref Info: Link coloring OFF on input line 6315.
Package hyperref Info: Link coloring with OCG OFF on input line 6320.
Package hyperref Info: PDF/A mode OFF on input line 6325.
LaTeX Info: Redefining \ref on input line 6365.
LaTeX Info: Redefining \pageref on input line 6369.
\Hy@abspage=\count108
\c@Item=\count109
\c@Hfootnote=\count110
)

Package hyperref Message: Driver (autodetected): hpdftex.

(D:\Programme\MikTex\tex\latex\hyperref\hpdftex.def
File: hpdftex.def 2012/11/06 v6.83m Hyperref driver for pdfTeX
\Fld@listcount=\count111
\c@bookmark@seq@number=\count112

(D:\Programme\MikTex\tex\latex\oberdiek\rerunfilecheck.sty
Package: rerunfilecheck 2011/04/15 v1.7 Rerun checks for auxiliary files (HO)
Package uniquecounter Info: New unique counter `rerunfilecheck' on input line 2
82.
)
\Hy@SectionHShift=\skip50
)
(D:\Programme\MikTex\tex\latex\float\float.sty
Package: float 2001/11/08 v1.3d Float enhancements (AL)
\c@float@type=\count113
\float@exts=\toks25
\float@box=\box28
\@float@everytoks=\toks26
\@floatcapt=\box29
) (D:\test\cgBA_Latex\ba2.aux)
LaTeX Font Info:    Checking defaults for OML/cmm/m/it on input line 14.
LaTeX Font Info:    ... okay on input line 14.
LaTeX Font Info:    Checking defaults for T1/cmr/m/n on input line 14.
LaTeX Font Info:    ... okay on input line 14.
LaTeX Font Info:    Checking defaults for OT1/cmr/m/n on input line 14.
LaTeX Font Info:    ... okay on input line 14.
LaTeX Font Info:    Checking defaults for OMS/cmsy/m/n on input line 14.
LaTeX Font Info:    ... okay on input line 14.
LaTeX Font Info:    Checking defaults for OMX/cmex/m/n on input line 14.
LaTeX Font Info:    ... okay on input line 14.
LaTeX Font Info:    Checking defaults for U/cmr/m/n on input line 14.
LaTeX Font Info:    ... okay on input line 14.
LaTeX Font Info:    Checking defaults for PD1/pdf/m/n on input line 14.
LaTeX Font Info:    ... okay on input line 14.
LaTeX Font Info:    Try loading font information for T1+ppl on input line 14.

(D:\Programme\MikTex\tex\latex\psnfss\t1ppl.fd
File: t1ppl.fd 2001/06/04 font definitions for T1/ppl.
)
(D:\Programme\MikTex\tex\context\base\supp-pdf.mkii
[Loading MPS to PDF converter (version 2006.09.02).]
\scratchcounter=\count114
\scratchdimen=\dimen133
\scratchbox=\box30
\nofMPsegments=\count115
\nofMParguments=\count116
\everyMPshowfont=\toks27
\MPscratchCnt=\count117
\MPscratchDim=\dimen134
\MPnumerator=\count118
\makeMPintoPDFobject=\count119
\everyMPtoPDFconversion=\toks28
)
Package caption Info: Begin \AtBeginDocument code.
Package caption Info: float package is loaded.
Package caption Info: hyperref package is loaded.
Package caption Info: End \AtBeginDocument code.
\AtBeginShipoutBox=\box31
Package hyperref Info: Link coloring OFF on input line 14.
 (D:\Programme\MikTex\tex\latex\hyperref\nameref.sty
Package: nameref 2012/10/27 v2.43 Cross-referencing by name of section

(D:\Programme\MikTex\tex\generic\oberdiek\gettitlestring.sty
Package: gettitlestring 2010/12/03 v1.4 Cleanup title references (HO)
)
\c@section@level=\count120
)
LaTeX Info: Redefining \ref on input line 14.
LaTeX Info: Redefining \pageref on input line 14.
LaTeX Info: Redefining \nameref on input line 14.

(D:\test\cgBA_Latex\ba2.out) (D:\test\cgBA_Latex\ba2.out)
\@outlinefile=\write3
LaTeX Font Info:    Try loading font information for U+msa on input line 21.

(D:\Programme\MikTex\tex\latex\amsfonts\umsa.fd
File: umsa.fd 2013/01/14 v3.01 AMS symbols A
)
LaTeX Font Info:    Try loading font information for U+msb on input line 21.

(D:\Programme\MikTex\tex\latex\amsfonts\umsb.fd
File: umsb.fd 2013/01/14 v3.01 AMS symbols B
)
<logos/UniLogoNeu.pdf, id=207, 566.12401pt x 162.73297pt>
File: logos/UniLogoNeu.pdf Graphic file (type pdf)

<use logos/UniLogoNeu.pdf>
Package pdftex.def Info: logos/UniLogoNeu.pdf used on input line 21.
(pdftex.def)             Requested size: 211.82086pt x 60.88887pt.

Overfull \hbox (186.21356pt too wide) in paragraph at lines 21--21
[]|[]| 
 []


Overfull \hbox (59.4931pt too wide) in alignment at lines 21--21
[][][] 
 []

LaTeX Font Info:    Font shape `T1/ppl/bx/n' in size <20.74> not available
(Font)              Font shape `T1/ppl/b/n' tried instead on input line 21.

Overfull \hbox (18.99358pt too wide) in paragraph at lines 21--21
[] 
 []

[-1

{C:/ProgramData/MiKTeX/2.9/pdftex/config/pdftex.map} <D:/test/cgBA_Latex/logos/
UniLogoNeu.pdf>]
Underfull \hbox (badness 10000) in paragraph at lines 21--21

 []


Underfull \hbox (badness 10000) in paragraph at lines 21--21

 []


Overfull \hbox (55.52159pt too wide) in alignment at lines 21--21
[][][] 
 []

[1]
LaTeX Font Info:    Font shape `T1/ppl/bx/n' in size <14.4> not available
(Font)              Font shape `T1/ppl/b/n' tried instead on input line 25.
 (D:\test\cgBA_Latex\ba2.toc
LaTeX Font Info:    Font shape `T1/ppl/bx/n' in size <10.95> not available
(Font)              Font shape `T1/ppl/b/n' tried instead on input line 2.
 [1] [2])
\tf@toc=\write4
 [3] [1

] [2] [3]
LaTeX Font Info:    Font shape `T1/ppl/bx/n' in size <12> not available
(Font)              Font shape `T1/ppl/b/n' tried instead on input line 48.
LaTeX Font Info:    Try loading font information for OMS+ppl on input line 53.

(D:\Programme\MikTex\tex\latex\psnfss\omsppl.fd
File: omsppl.fd 
)
LaTeX Font Info:    Font shape `OMS/ppl/m/n' in size <10.95> not available
(Font)              Font shape `OMS/cmsy/m/n' tried instead on input line 53.
 [4] [5] [6]
Underfull \hbox (badness 10000) in paragraph at lines 68--68
[][][]\T1/ppl/m/n/9 https://blogs.unity3d.com/2016/07/20/games-by-the-numbers-2
016-q2-bric-
 []


Overfull \hbox (14.42377pt too wide) in paragraph at lines 66--71
\T1/ppl/m/n/10.95 Ver-öf-fent-li-chung 2005 zu-neh-mend er-folg-reich. Sie wird
 von Indie-Entwicklern
 []

[7]
LaTeX Font Info:    Try loading font information for T1+pcr on input line 77.
 (D:\Programme\MikTex\tex\latex\psnfss\t1pcr.fd
File: t1pcr.fd 2001/06/04 font definitions for T1/pcr.
)
Underfull \hbox (badness 10000) in paragraph at lines 77--77
[][][]\T1/ppl/m/n/9 Bundeskartellamt, []$\T1/pcr/m/n/9 http : / / www . bundesk
artellamt . de / SharedDocs /$
 []


Underfull \hbox (badness 10000) in paragraph at lines 77--77
$\T1/pcr/m/n/9 Entscheidung / DE / Entscheidungen / Fusionskontrolle / 2005 / B
7-[]162-[]05 .$
 []

[8]
Overfull \hbox (135.39949pt too wide) in paragraph at lines 91--91
[][][][]$\T1/pcr/m/n/9 https : / / venturebeat . com / 2017 / 01 / 17 / pokemon
-[]go-[]generated-[]revenues-[]of-[]950-[]million-[]in-[]2016/$[]| 
 []

[9] [10]
Underfull \hbox (badness 10000) in paragraph at lines 97--97
[][][]\T1/ppl/m/n/9 urlhttps://www.nowgamer.com/parallel-kingdom-interview-when
-mmo-meets-
 []

[11] [12]
Overfull \hbox (25.89961pt too wide) in paragraph at lines 109--109
[][][][]$\T1/pcr/m/n/9 http : / / www . statisticbrain . com / skyrim-[]the-[]e
lder-[]scrolls-[]v-[]statistics/$[]| 
 []

[13] [14]
Overfull \hbox (1.50218pt too wide) in paragraph at lines 119--120
\T1/ppl/m/n/10.95 un-ter den Taktik-Rollenspielen. Aus-ge-reif-te und kom-ple-x
e Level- und Klas-
 []

[15] [16]
Overfull \hbox (7.18246pt too wide) in paragraph at lines 129--133
\T1/ppl/m/n/10.95 Vorstellbar wä-re ein sol-ches Kon-zept, wenn die Smartphone-
VR-Technologie
 []


Overfull \hbox (23.8585pt too wide) in paragraph at lines 129--133
\T1/ppl/m/n/10.95 Infolgedessen ver-scho-ben wir un-se-ren Fo-kus von ei-ner be
s-se-ren AR-Anbindung
 []

[17] [18]
Overfull \hbox (23.72725pt too wide) in paragraph at lines 135--143
\T1/ppl/m/n/10.95 dau-ern konn-ten, die-se in - den Taktik-Rollenspielen sehr ä
hn-li-chen - Rollenspiel-
 []


Overfull \hbox (7.82733pt too wide) in paragraph at lines 135--143
\T1/ppl/m/n/10.95 Level- und Item-sys-te-me sol-len sich hin-ge-gen stär-ker an
 Action-Rollenspielen
 []


Overfull \hbox (7.17084pt too wide) in paragraph at lines 135--143
\T1/ppl/m/n/10.95 Zusätzlich sieht un-ser Kon-zept ein Quest-sys-tem vor, wel-c
hes Spie-lern mittel-
 []

[19] [20]
Overfull \hbox (5.41986pt too wide) in paragraph at lines 147--148
\T1/ppl/m/n/10.95 Scha-dens-wert zu-fäl-lig zwi-schen dem mi-ni-ma-len und ma-x
i-ma-len Scha-
 []

<statscreen.png, id=420, 614.295pt x 1149.29375pt>
File: statscreen.png Graphic file (type png)
 <use statscreen.png>
Package pdftex.def Info: statscreen.png used on input line 154.
(pdftex.def)             Requested size: 216.0022pt x 404.11774pt.
LaTeX Font Info:    Font shape `T1/ppl/bx/n' in size <10> not available
(Font)              Font shape `T1/ppl/b/n' tried instead on input line 155.

[21]
Overfull \hbox (5.21124pt too wide) in paragraph at lines 157--163
\T1/ppl/m/n/10.95 wer-den auf der Kar-te ab-hän-gig von ih-rem Le-vel und ih-re
r An-zahl in Schwie-
 []

[22 <D:/test/cgBA_Latex/statscreen.png>] [23] [24] [25]
Overfull \hbox (3.18506pt too wide) in paragraph at lines 165--166
\T1/ppl/m/n/10.95 Die Im-ple-men-tie-rung um-fass-te meh-re-re ver-schie-de-ne 
Tei-la-spek-te und Spra-
 []

<map.png, id=444, 614.295pt x 1149.29375pt>
File: map.png Graphic file (type png)
 <use map.png>
Package pdftex.def Info: map.png used on input line 170.
(pdftex.def)             Requested size: 216.0022pt x 404.11774pt.
 [26] [27 <D:/test/cgBA_Latex/map.png>] [28] <questfragment.png, id=461, 614.29
5pt x 1149.29375pt>
File: questfragment.png Graphic file (type png)

<use questfragment.png>
Package pdftex.def Info: questfragment.png used on input line 178.
(pdftex.def)             Requested size: 216.0022pt x 404.11774pt.
 [29 <D:/test/cgBA_Latex/questfragment.png>] [30]
<charfragment.png, id=473, 614.295pt x 1149.29375pt>
File: charfragment.png Graphic file (type png)
 <use charfragment.png>
Package pdftex.def Info: charfragment.png used on input line 189.
(pdftex.def)             Requested size: 216.0022pt x 404.11774pt.

[31 <D:/test/cgBA_Latex/charfragment.png>] [32]
File: statscreen.png Graphic file (type png)
 <use statscreen.png>
Package pdftex.def Info: statscreen.png used on input line 199.
(pdftex.def)             Requested size: 216.0022pt x 404.11774pt.
 [33]
<createcharscreen.png, id=492, 614.295pt x 1149.29375pt>
File: createcharscreen.png Graphic file (type png)

<use createcharscreen.png>
Package pdftex.def Info: createcharscreen.png used on input line 208.
(pdftex.def)             Requested size: 216.0022pt x 404.11774pt.
 [34 <D:/test/cgBA_Latex/createcharscreen.png>]
<fightscreen.png, id=500, 1149.29375pt x 614.295pt>
File: fightscreen.png Graphic file (type png)
 <use fightscreen.png>
Package pdftex.def Info: fightscreen.png used on input line 217.
(pdftex.def)             Requested size: 360.0pt x 192.41663pt.

[35 <D:/test/cgBA_Latex/fightscreen.png>]
Overfull \hbox (2.32065pt too wide) in paragraph at lines 228--229
\T1/ppl/m/n/10.95 Um Fi-gu-ren auf un-se-rem Spiel-feld zu be-we-gen, be-nö-ti-
gen wir einen Suchal-
 []

[36] <pathfinding1.png, id=515, 368.87813pt x 319.1925pt>
File: pathfinding1.png Graphic file (type png)

<use pathfinding1.png>
Package pdftex.def Info: pathfinding1.png used on input line 235.
(pdftex.def)             Requested size: 288.0011pt x 249.2078pt.
 [37]
<pathfinding2.png, id=520, 372.64218pt x 312.41719pt>
File: pathfinding2.png Graphic file (type png)
 <use pathfinding2.png>
Package pdftex.def Info: pathfinding2.png used on input line 241.
(pdftex.def)             Requested size: 288.0011pt x 241.46295pt.

<pathfinding3.png, id=521, 380.92313pt x 317.68687pt>
File: pathfinding3.png Graphic file (type png)
 <use pathfinding3.png>
Package pdftex.def Info: pathfinding3.png used on input line 247.
(pdftex.def)             Requested size: 288.0011pt x 240.1987pt.

[38 <D:/test/cgBA_Latex/pathfinding1.png>]
<pathfinding4.png, id=529, 454.69875pt x 298.11375pt>
File: pathfinding4.png Graphic file (type png)
 <use pathfinding4.png>
Package pdftex.def Info: pathfinding4.png used on input line 253.
(pdftex.def)             Requested size: 323.9978pt x 212.42645pt.

<pathfinding5.png, id=530, 391.4625pt x 256.70906pt>
File: pathfinding5.png Graphic file (type png)
 <use pathfinding5.png>
Package pdftex.def Info: pathfinding5.png used on input line 259.
(pdftex.def)             Requested size: 288.0011pt x 188.87277pt.

[39 <D:/test/cgBA_Latex/pathfinding2.png> <D:/test/cgBA_Latex/pathfinding3.png>
] [40 <D:/test/cgBA_Latex/pathfinding4.png> <D:/test/cgBA_Latex/pathfinding5.pn
g>] <sieg1.jpg, id=542, 1706.375pt x 803.0pt>
File: sieg1.jpg Graphic file (type jpg)
 <use sieg1.jpg>
Package pdftex.def Info: sieg1.jpg used on input line 268.
(pdftex.def)             Requested size: 360.0pt x 169.40689pt.

<sieg2.jpg, id=543, 1706.375pt x 803.0pt>
File: sieg2.jpg Graphic file (type jpg)
 <use sieg2.jpg>
Package pdftex.def Info: sieg2.jpg used on input line 274.
(pdftex.def)             Requested size: 360.0pt x 169.40689pt.
 [41 <D:/test/cgBA_Latex/sieg1.jpg>] [42 <D:/test/cgBA_Latex/sieg2.jpg>]
<soldier.png, id=556, 722.7pt x 722.7pt>
File: soldier.png Graphic file (type png)
 <use soldier.png>
Package pdftex.def Info: soldier.png used on input line 285.
(pdftex.def)             Requested size: 142.26576pt x 142.26378pt.

<soldierbackground.png, id=557, 515.67656pt x 339.51843pt>
File: soldierbackground.png Graphic file (type png)

<use soldierbackground.png>
Package pdftex.def Info: soldierbackground.png used on input line 291.
(pdftex.def)             Requested size: 369.88582pt x 243.5361pt.

Overfull \hbox (9.88582pt too wide) in paragraph at lines 291--292
 [][] 
 []

[43 <D:/test/cgBA_Latex/soldier.png>]
Overfull \hbox (12.81079pt too wide) in paragraph at lines 298--301
\T1/ppl/m/n/10.95 als zu-fäl-li-gen Kämp-fen lag, ent-schie-den wir uns bei dem
 Auf-bau des Schlacht-
 []


Overfull \hbox (9.29578pt too wide) in paragraph at lines 298--301
\T1/ppl/m/n/10.95 der meis-ten Smart-pho-nes bes-ser ent-spricht, zum an-de-ren
 die op-tisch schlech-
 []

[44 <D:/test/cgBA_Latex/soldierbackground.png>] [45]
<assachibi.jpg, id=579, 1003.75pt x 1003.75pt>
File: assachibi.jpg Graphic file (type jpg)
 <use assachibi.jpg>
Package pdftex.def Info: assachibi.jpg used on input line 305.
(pdftex.def)             Requested size: 180.0pt x 179.9933pt.

<egychibi.jpg, id=580, 1003.75pt x 1003.75pt>
File: egychibi.jpg Graphic file (type jpg)
 <use egychibi.jpg>
Package pdftex.def Info: egychibi.jpg used on input line 309.
(pdftex.def)             Requested size: 180.0pt x 179.9933pt.
 [46 <D:/test/cgBA_Latex/assachibi.jpg> <D:/test/cgBA_Latex/egychibi.jpg>]
<viking.jpg, id=586, 501.875pt x 501.875pt>
File: viking.jpg Graphic file (type jpg)
 <use viking.jpg>
Package pdftex.def Info: viking.jpg used on input line 317.
(pdftex.def)             Requested size: 227.62596pt x 227.62204pt.
 [47 <D:/test/cgBA_Latex/viking.jpg>] [48] [49] <morningstar.jpg, id=605, 401.5
pt x 401.5pt>
File: morningstar.jpg Graphic file (type jpg)

<use morningstar.jpg>
Package pdftex.def Info: morningstar.jpg used on input line 331.
(pdftex.def)             Requested size: 227.62596pt x 227.62204pt.
 [50 <D:/test/cgBA_Latex/morningstar.jpg>]
<berserker.jpg, id=616, 401.5pt x 401.5pt>
File: berserker.jpg Graphic file (type jpg)
 <use berserker.jpg>
Package pdftex.def Info: berserker.jpg used on input line 339.
(pdftex.def)             Requested size: 156.49246pt x 156.49014pt.

Overfull \hbox (16.42316pt too wide) in paragraph at lines 344--345
\T1/ppl/m/n/10.95 dern auch in eher his-to-risch an-ge-hauch-ten Ti-teln wie de
m be-kann-ten Strategie-
 []


Overfull \hbox (21.2522pt too wide) in paragraph at lines 344--345
\T1/ppl/m/n/10.95 Spiel Age of Em-pi-res 2[[]] und in meh-re-ren Tei-len der ho
ch-ge-lob-ten Civilization-
 []


Overfull \hbox (11.76273pt too wide) in paragraph at lines 344--345
\T1/ppl/m/n/10.95 Reihe. Ber-ser-ker wer-den häu-fig als blut-rüns-tig und wahn
-sin-nig dargestellt[[]].
 []

[51 <D:/test/cgBA_Latex/berserker.jpg>]
<priestess.jpg, id=628, 501.875pt x 501.875pt>
File: priestess.jpg Graphic file (type jpg)
 <use priestess.jpg>
Package pdftex.def Info: priestess.jpg used on input line 348.
(pdftex.def)             Requested size: 170.71947pt x 170.71652pt.

<ra.jpg, id=633, 2031.59pt x 2441.12pt>
File: ra.jpg Graphic file (type jpg)
 <use ra.jpg>
Package pdftex.def Info: ra.jpg used on input line 361.
(pdftex.def)             Requested size: 118.38719pt x 142.26378pt.

Overfull \hbox (3.14287pt too wide) in paragraph at lines 353--364
\T1/ppl/m/n/10.95 form-te sich, einen mo-bi-le-ren Nah-kämp-fer und einen Fern-
kämp-fer, der mög-
 []


Overfull \hbox (9.98787pt too wide) in paragraph at lines 353--364
\T1/ppl/m/n/10.95 nen wa-ren, ins-be-son-de-re Mus-ku-la-tur, Mas-ken, be-weg-l
i-cher Stoff, einen Pries-
 []

[52 <D:/test/cgBA_Latex/priestess.jpg>] [53] [54] [55 <D:/test/cgBA_Latex/ra.jp
g>] [56] <jackal.jpg, id=662, 501.875pt x 501.875pt>
File: jackal.jpg Graphic file (type jpg)
 <use jackal.jpg>
Package pdftex.def Info: jackal.jpg used on input line 371.
(pdftex.def)             Requested size: 199.16888pt x 199.16928pt.

<jackalalpha.jpg, id=663, 351.3125pt x 351.3125pt>
File: jackalalpha.jpg Graphic file (type jpg)
 <use jackalalpha.jpg>
Package pdftex.def Info: jackalalpha.jpg used on input line 379.
(pdftex.def)             Requested size: 142.2647pt x 142.26378pt.


LaTeX Warning: Citation `chep' on page 57 undefined on input line 385.

[57 <D:/test/cgBA_Latex/jackal.jpg> <D:/test/cgBA_Latex/jackalalpha.jpg>]
[58] [59] <move.jpg, id=680, 2007.5pt x 1003.75pt>
File: move.jpg Graphic file (type jpg)
 <use move.jpg>
Package pdftex.def Info: move.jpg used on input line 396.
(pdftex.def)             Requested size: 284.50949pt x 142.26378pt.

Underfull \hbox (badness 10000) in paragraph at lines 391--398

 []

<animator.jpg, id=681, 807.7678pt x 355.3275pt>
File: animator.jpg Graphic file (type jpg)
 <use animator.jpg>
Package pdftex.def Info: animator.jpg used on input line 402.
(pdftex.def)             Requested size: 323.40953pt x 142.26378pt.
 [60 <D:/test/cgBA_Latex/move.jpg>] <attack.jpg, id=687, 2509.375pt x 1003.75pt
>
File: attack.jpg Graphic file (type jpg)

<use attack.jpg>
Package pdftex.def Info: attack.jpg used on input line 407.
(pdftex.def)             Requested size: 355.63687pt x 142.26378pt.
 [61 <D:/test/cgBA_Latex/animator.jpg>]
Overfull \hbox (5.65997pt too wide) in paragraph at lines 416--417
[]\T1/ppl/m/n/10.95 Abschlieÿend wur-de die all-ge-mei-ne Ge-samt-wer-tung un-t
er den Aspek-
 []

[62 <D:/test/cgBA_Latex/attack.jpg>]
<table0.jpg, id=699, 417.05812pt x 261.22594pt>
File: table0.jpg Graphic file (type jpg)
 <use table0.jpg>
Package pdftex.def Info: table0.jpg used on input line 422.
(pdftex.def)             Requested size: 360.0pt x 225.49892pt.

Overfull \hbox (7.85342pt too wide) in paragraph at lines 419--423
\T1/ppl/m/n/10.95 schät-zung des je-wei-li-gen in-di-vi-du-el-len Spie-ler-ty-p
us er-fragt. Er-gän-zend wur-
 []

<table1.jpg, id=700, 527.72156pt x 397.485pt>
File: table1.jpg Graphic file (type jpg)
 <use table1.jpg>
Package pdftex.def Info: table1.jpg used on input line 427.
(pdftex.def)             Requested size: 360.0pt x 271.15353pt.
 [63 <D:/test/cgBA_Latex/table0.jpg>] <table2.jpg, id=706, 556.32843pt x 454.69
875pt>
File: table2.jpg Graphic file (type jpg)

<use table2.jpg>
Package pdftex.def Info: table2.jpg used on input line 433.
(pdftex.def)             Requested size: 360.0pt x 294.23936pt.
 [64 <D:/test/cgBA_Latex/table1.jpg>]
<table3.jpg, id=712, 563.10374pt x 449.42906pt>
File: table3.jpg Graphic file (type jpg)
 <use table3.jpg>
Package pdftex.def Info: table3.jpg used on input line 438.
(pdftex.def)             Requested size: 360.0pt x 287.32501pt.
 [65 <D:/test/cgBA_Latex/table2.jpg>] <testspieler.jpg, id=718, 798.73407pt x 1
80.675pt>
File: testspieler.jpg Graphic file (type jpg)

<use testspieler.jpg>
Package pdftex.def Info: testspieler.jpg used on input line 443.
(pdftex.def)             Requested size: 360.0pt x 81.43256pt.
 [66 <D:/test/cgBA_Latex/table3.jpg>]
Overfull \hbox (0.23882pt too wide) in paragraph at lines 445--446
\T1/ppl/m/n/10.95 wünsch-te brei-te Streu-ung von ver-schie-de-nen Spie-ler-ty-
pen mit un-ter-schied-
 []

[67 <D:/test/cgBA_Latex/testspieler.jpg>]
<table4.jpg, id=729, 566.86781pt x 445.665pt>
File: table4.jpg Graphic file (type jpg)
 <use table4.jpg>
Package pdftex.def Info: table4.jpg used on input line 451.
(pdftex.def)             Requested size: 360.0pt x 283.03493pt.

<table5.jpg, id=730, 738.50906pt x 450.18187pt>
File: table5.jpg Graphic file (type jpg)
 <use table5.jpg>
Package pdftex.def Info: table5.jpg used on input line 457.
(pdftex.def)             Requested size: 360.0pt x 219.45076pt.
 [68 <D:/test/cgBA_Latex/table4.jpg>] <table6.jpg, id=737, 621.82312pt x 452.44
03pt>
File: table6.jpg Graphic file (type jpg)

<use table6.jpg>
Package pdftex.def Info: table6.jpg used on input line 462.
(pdftex.def)             Requested size: 360.0pt x 261.93921pt.

Overfull \hbox (0.34271pt too wide) in paragraph at lines 459--463
\T1/ppl/m/n/10.95 Test-per-so-nen als 'gut, hat pro-blem-los ge-klappt' ein-stu
f-ten. 'Ganz okay, klei-
 []

[69 <D:/test/cgBA_Latex/table5.jpg>]
<table7.jpg, id=743, 676.02562pt x 445.665pt>
File: table7.jpg Graphic file (type jpg)
 <use table7.jpg>
Package pdftex.def Info: table7.jpg used on input line 467.
(pdftex.def)             Requested size: 360.0pt x 237.33017pt.
 [70 <D:/test/cgBA_Latex/table6.jpg>] <table8.jpg, id=749, 589.4522pt x 444.912
19pt>
File: table8.jpg Graphic file (type jpg)

<use table8.jpg>
Package pdftex.def Info: table8.jpg used on input line 472.
(pdftex.def)             Requested size: 360.0pt x 271.72868pt.
 [71 <D:/test/cgBA_Latex/table7.jpg>]
<table9.jpg, id=755, 554.82281pt x 450.18187pt>
File: table9.jpg Graphic file (type jpg)
 <use table9.jpg>
Package pdftex.def Info: table9.jpg used on input line 480.
(pdftex.def)             Requested size: 360.0pt x 292.10643pt.
 [72 <D:/test/cgBA_Latex/table8.jpg>] <table10.jpg, id=762, 608.2725pt x 443.40
656pt>
File: table10.jpg Graphic file (type jpg)

<use table10.jpg>
Package pdftex.def Info: table10.jpg used on input line 485.
(pdftex.def)             Requested size: 360.0pt x 262.43303pt.
 [73 <D:/test/cgBA_Latex/table9.jpg>]
<table11.jpg, id=768, 549.55313pt x 450.9347pt>
File: table11.jpg Graphic file (type jpg)
 <use table11.jpg>
Package pdftex.def Info: table11.jpg used on input line 490.
(pdftex.def)             Requested size: 360.0pt x 295.40224pt.
 [74 <D:/test/cgBA_Latex/table10.jpg>] <table12.jpg, id=775, 587.94656pt x 447.
92343pt>
File: table12.jpg Graphic file (type jpg)

<use table12.jpg>
Package pdftex.def Info: table12.jpg used on input line 495.
(pdftex.def)             Requested size: 360.0pt x 274.26494pt.
 [75 <D:/test/cgBA_Latex/table11.jpg>]
Underfull \hbox (badness 10000) in paragraph at lines 497--502

 []

[76 <D:/test/cgBA_Latex/table12.jpg>] [77]
<table13.jpg, id=790, 563.85657pt x 447.92343pt>
File: table13.jpg Graphic file (type jpg)
 <use table13.jpg>
Package pdftex.def Info: table13.jpg used on input line 507.
(pdftex.def)             Requested size: 360.0pt x 285.98654pt.

<table14.jpg, id=791, 552.56438pt x 445.665pt>
File: table14.jpg Graphic file (type jpg)
 <use table14.jpg>
Package pdftex.def Info: table14.jpg used on input line 512.
(pdftex.def)             Requested size: 360.0pt x 290.35204pt.
 [78 <D:/test/cgBA_Latex/table13.jpg>] <table15.jpg, id=797, 589.4522pt x 449.4
2906pt>
File: table15.jpg Graphic file (type jpg)

<use table15.jpg>
Package pdftex.def Info: table15.jpg used on input line 517.
(pdftex.def)             Requested size: 360.0pt x 274.48735pt.
 [79 <D:/test/cgBA_Latex/table14.jpg>]
<table16.jpg, id=803, 628.59843pt x 449.42906pt>
File: table16.jpg Graphic file (type jpg)
 <use table16.jpg>
Package pdftex.def Info: table16.jpg used on input line 522.
(pdftex.def)             Requested size: 360.0pt x 257.38417pt.

Overfull \hbox (1.48769pt too wide) in paragraph at lines 519--523
\T1/ppl/m/n/10.95 un-ter-schied-li-chen Back-ground ver-fü-gen und die we-nigs-
tens in-ten-si-ve Han-
 []

[80 <D:/test/cgBA_Latex/table15.jpg>] [81 <D:/test/cgBA_Latex/table16.jpg>]
[82]
Overfull \hbox (2.55046pt too wide) in paragraph at lines 533--534
\T1/ppl/m/n/10.95 exis-tie-ren-den Han-dy-spie-len und PC-/Konsolenpielen, ein 
Aug-men-ted Rea-
 []

[83] [84] (D:\test\cgBA_Latex\ba2.bbl
Overfull \hbox (22.76302pt too wide) in paragraph at lines 535--1
\T1/ppl/m/n/10.95 Für die ex-trem er-fah-re-nen Spie-ler hin-ge-gen wä-ren Schw
ierigkeits-Einstellungen
 []


Overfull \hbox (1.67789pt too wide) in paragraph at lines 535--1
\T1/ppl/m/n/10.95 für die Kämp-fe ei-ne Grund-Schwierigkeit aus-wähl-bar zu ma-
chen. Fest steht
 []

[85]
Underfull \hbox (badness 10000) in paragraph at lines 4--5
[]\T1/ppl/m/n/10.95 https://en.99designs.de/blog/tips/how-color-impacts-emotion
s-
 []


Underfull \hbox (badness 10000) in paragraph at lines 7--9
[]\T1/ppl/m/n/10.95 https://www.strategyanalytics.com/strategy-
 []


Underfull \hbox (badness 10000) in paragraph at lines 7--9
\T1/ppl/m/n/10.95 analytics/news/strategy-analytics-press-releases/strategy-ana
lytics-
 []


Underfull \hbox (badness 10000) in paragraph at lines 7--9
\T1/ppl/m/n/10.95 press-release/2016/11/02/strategy-analytics-android-captures-

 []


Underfull \hbox (badness 10000) in paragraph at lines 7--9
\T1/ppl/m/n/10.95 record-88-percent-share-of-global-smartphone-shipments-in-q3-

 []

[86]
Underfull \hbox (badness 10000) in paragraph at lines 23--25
[]\T1/ppl/m/n/10.95 http://www.arttherapyblog.com/online/color-psychology-
 []


Underfull \hbox (badness 10000) in paragraph at lines 39--40
[]\T1/ppl/m/n/10.95 https://en.wikipedia.org/wiki/Military_of_ancient_Egypt, St
and
 []


Overfull \hbox (117.61127pt too wide) in paragraph at lines 42--45
[]\T1/ppl/m/n/10.95 Android De-vel-oper.  htt-ps://developer.android.com/guide/
components/fundamentals.html,
 []


Overfull \hbox (58.99638pt too wide) in paragraph at lines 47--50
[]\T1/ppl/m/n/10.95 Android De-vel-oper.  https://developer.android.com/guide/c
omponents/intents-
 []


Overfull \hbox (67.90947pt too wide) in paragraph at lines 52--55
[]\T1/ppl/m/n/10.95 Android De-vel-oper.  htt-ps://developer.android.com/traini
ng/location/index.html,
 []

)
Package atveryend Info: Empty hook `BeforeClearDocument' on input line 543.
 [87]
Package atveryend Info: Empty hook `AfterLastShipout' on input line 543.
 (D:\test\cgBA_Latex\ba2.aux)
Package atveryend Info: Executing hook `AtVeryEndDocument' on input line 543.
Package atveryend Info: Executing hook `AtEndAfterFileList' on input line 543.
Package rerunfilecheck Info: File `ba2.out' has not changed.
(rerunfilecheck)             Checksum: B9C71971B409FD2DDF7ECD85EA77FA37;3629.


LaTeX Warning: There were undefined references.

Package atveryend Info: Empty hook `AtVeryVeryEnd' on input line 543.
 ) 
Here is how much of TeX's memory you used:
 8492 strings out of 493921
 120520 string characters out of 3150484
 205626 words of memory out of 3000000
 11378 multiletter control sequences out of 15000+200000
 33514 words of font info for 72 fonts, out of 3000000 for 9000
 841 hyphenation exceptions out of 8191
 43i,12n,40p,1883b,474s stack positions out of 5000i,500n,10000p,200000b,50000s
{D:/Programme/MikTex/fonts/enc/dvips/fontname/8r.enc}<D:/Programme/MikTex/fon
ts/type1/public/amsfonts/cm/cmsy10.pfb><D:/Programme/MikTex/fonts/type1/public/
amsfonts/symbols/msam10.pfb><D:/Programme/MikTex/fonts/type1/urw/courier/ucrr8a
.pfb><D:/Programme/MikTex/fonts/type1/urw/palatino/uplb8a.pfb><D:/Programme/Mik
Tex/fonts/type1/urw/palatino/uplr8a.pfb><D:/Programme/MikTex/fonts/type1/urw/pa
latino/uplri8a.pfb>
Output written on ba2.pdf (92 pages, 9663873 bytes).
PDF statistics:
 914 PDF objects out of 1000 (max. 8388607)
 218 named destinations out of 1000 (max. 500000)
 639 words of extra memory for PDF output out of 10000 (max. 10000000)

