\BOOKMARK [1][-]{section.1}{Abstract}{}% 1
\BOOKMARK [1][-]{section.2}{Abstract \(english\)}{}% 2
\BOOKMARK [1][-]{section.3}{Motivation}{}% 3
\BOOKMARK [1][-]{section.4}{Grundlagen}{}% 4
\BOOKMARK [2][-]{subsection.4.1}{Android}{section.4}% 5
\BOOKMARK [3][-]{subsubsection.4.1.1}{AR-Funktionen von Android}{subsection.4.1}% 6
\BOOKMARK [2][-]{subsection.4.2}{Unity}{section.4}% 7
\BOOKMARK [2][-]{subsection.4.3}{Photoshop}{section.4}% 8
\BOOKMARK [1][-]{section.5}{Recherche von Rollenspiel und AR-Hybriden auf Android}{}% 9
\BOOKMARK [2][-]{subsection.5.1}{Pok\351mon Go}{section.5}% 10
\BOOKMARK [2][-]{subsection.5.2}{Parallel Kingdom}{section.5}% 11
\BOOKMARK [2][-]{subsection.5.3}{Motion Tennis Cast}{section.5}% 12
\BOOKMARK [1][-]{section.6}{Recherche von Rollenspielen auf dem PC und auf Konsolen}{}% 13
\BOOKMARK [2][-]{subsection.6.1}{klassische Rollenspiele}{section.6}% 14
\BOOKMARK [2][-]{subsection.6.2}{Open-World Titel und MMORPGs}{section.6}% 15
\BOOKMARK [2][-]{subsection.6.3}{Action-Rollenspiele}{section.6}% 16
\BOOKMARK [2][-]{subsection.6.4}{Taktik-Rollenspiele}{section.6}% 17
\BOOKMARK [3][-]{subsubsection.6.4.1}{Final Fantasy Tactics}{subsection.6.4}% 18
\BOOKMARK [3][-]{subsubsection.6.4.2}{The Banner Saga}{subsection.6.4}% 19
\BOOKMARK [2][-]{subsection.6.5}{Strategie-Rollenspiel-Hybriden}{section.6}% 20
\BOOKMARK [1][-]{section.7}{Konzeption}{}% 21
\BOOKMARK [2][-]{subsection.7.1}{Fr\374he Konzeption}{section.7}% 22
\BOOKMARK [2][-]{subsection.7.2}{Zweite Konzept-Phase}{section.7}% 23
\BOOKMARK [1][-]{section.8}{Implementierung}{}% 24
\BOOKMARK [2][-]{subsection.8.1}{Erstellung des Kampfes in Unity}{section.8}% 25
\BOOKMARK [2][-]{subsection.8.2}{Karte und Men\374s auf Android}{section.8}% 26
\BOOKMARK [3][-]{subsubsection.8.2.1}{Haupt-Activity und Karte}{subsection.8.2}% 27
\BOOKMARK [3][-]{subsubsection.8.2.2}{Quest-Fragment}{subsection.8.2}% 28
\BOOKMARK [3][-]{subsubsection.8.2.3}{Gruppen-Bildschirm}{subsection.8.2}% 29
\BOOKMARK [3][-]{subsubsection.8.2.4}{Statuswerte-Bildschirm}{subsection.8.2}% 30
\BOOKMARK [3][-]{subsubsection.8.2.5}{Activity zum Erschaffen von Charakteren}{subsection.8.2}% 31
\BOOKMARK [3][-]{subsubsection.8.2.6}{Unity/Kampf-Activity}{subsection.8.2}% 32
\BOOKMARK [2][-]{subsection.8.3}{Grafik und Stil}{section.8}% 33
\BOOKMARK [3][-]{subsubsection.8.3.1}{Der Morgenstern-Wikinger}{subsection.8.3}% 34
\BOOKMARK [3][-]{subsubsection.8.3.2}{Der Berserker}{subsection.8.3}% 35
\BOOKMARK [3][-]{subsubsection.8.3.3}{Die Priesterin des Ra}{subsection.8.3}% 36
